<?xml version="1.0" encoding="UTF-8"?>
<testsuite xmlns:xsi="http://www.w3.org/2001/XMLSchema-instance" xsi:noNamespaceSchemaLocation="https://maven.apache.org/surefire/maven-surefire-plugin/xsd/surefire-test-report-3.0.xsd" version="3.0" name="testrunner.Testrunner" time="100.842" tests="6" errors="0" skipped="0" failures="0">
  <properties>
[...]
</properties>
  <testcase name="Ebay logo on Advanced Search page" classname="Ebay Advanced Search Page" time="26.742">
    <system-out><![CDATA[
@P2
Scenario: Ebay logo on Advanced Search page &amp#27;[90m# Features/EbayAdvancedSearch.feature:4&amp#27;[0m
The global before hook
  &amp#27;[32mGiven &amp#27;[0m&amp#27;[32mI am on Ebay Advanced Search page&amp#27;[0m   &amp#27;[90m# Stepsinfo.EbayAdvancedSearch_Steps.i_am_on_ebay_advanced_search_page()&amp#27;[0m
  &amp#27;[32mWhen &amp#27;[0m&amp#27;[32mI click on Ebay logo&amp#27;[0m                 &amp#27;[90m# Stepsinfo.EbayAdvancedSearch_Steps.i_click_on_ebay_logo()&amp#27;[0m
  &amp#27;[32mThen &amp#27;[0m&amp#27;[32mI am navigated to Ebay Home Page&amp#27;[0m     &amp#27;[90m# Stepsinfo.EbayAdvancedSearch_Steps.i_am_navigated_to_ebay_home_page()&amp#27;[0m
The global after hook
]]></system-out>
    <system-err><![CDATA[SLF4J: No SLF4J providers were found.
SLF4J: Defaulting to no-operation (NOP) logger implementation
SLF4J: See https://www.slf4j.org/codes.html#noProviders for further details.
Starting ChromeDriver 116.0.5845.96 (1a391816688002153ef791ffe60d9e899a71a037-refs/branch-heads/5845@{#1382}) on port 56603
Only local connections are allowed.
Please see https://chromedriver.chromium.org/security-considerations for suggestions on keeping ChromeDriver safe.
ChromeDriver was started successfully.
Sep 01, 2023 2:13:08 AM org.openqa.selenium.remote.ProtocolHandshake createSession
INFO: Detected dialect: W3C
]]></system-err>
  </testcase>
  <testcase name="Doing an advanced Search" classname="Ebay Advanced Search Page" time="15.134">
    <system-out><![CDATA[
@P240
Scenario: Doing an advanced Search        &amp#27;[90m# Features/EbayAdvancedSearch.feature:10&amp#27;[0m
The global before hook
  &amp#27;[32mGiven &amp#27;[0m&amp#27;[32mI am on Ebay Advanced Search page&amp#27;[0m &amp#27;[90m# Stepsinfo.EbayAdvancedSearch_Steps.i_am_on_ebay_advanced_search_page()&amp#27;[0m
  &amp#27;[32mWhen &amp#27;[0m&amp#27;[32mI do an advanced search&amp#27;[0m            &amp#27;[90m# Stepsinfo.EbayAdvancedSearch_Steps.i_do_an_advanced_search(io.cucumber.datatable.DataTable)&amp#27;[0m
    | keyword   | exclude     | min | max |
    | Iphone 11 | refurbished | 300 | 500 |
The global after hook
]]></system-out>
    <system-err><![CDATA[Starting ChromeDriver 116.0.5845.96 (1a391816688002153ef791ffe60d9e899a71a037-refs/branch-heads/5845@{#1382}) on port 15817
Only local connections are allowed.
Please see https://chromedriver.chromium.org/security-considerations for suggestions on keeping ChromeDriver safe.
ChromeDriver was started successfully.
Sep 01, 2023 2:13:20 AM org.openqa.selenium.remote.ProtocolHandshake createSession
INFO: Detected dialect: W3C
]]></system-err>
  </testcase>
  <testcase name="Advance Search Link" classname="Ebay home page Scenarios" time="10.176">
    <system-out><![CDATA[
@P1 @Advance @Searchlink
Scenario: Advance Search Link                 &amp#27;[90m# Features/Ebay_Home.feature:4&amp#27;[0m
The global before hook
This will execute after the global before hook
  &amp#27;[32mGiven &amp#27;[0m&amp#27;[32mI am on ebay home page&amp#27;[0m                &amp#27;[90m# Stepsinfo.EbayHome_Steps.i_am_on_ebay_home_page()&amp#27;[0m
  &amp#27;[32mWhen &amp#27;[0m&amp#27;[32mI click on Advanced Link&amp#27;[0m               &amp#27;[90m# Stepsinfo.EbayHome_Steps.i_click_on_advanced_link()&amp#27;[0m
  &amp#27;[32mThen &amp#27;[0m&amp#27;[32mI navigate to the advanced search page&amp#27;[0m &amp#27;[90m# Stepsinfo.EbayHome_Steps.i_navigate_to_the_advanced_search_page()&amp#27;[0m
The global after hook
This will execute after the global after hook
]]></system-out>
    <system-err><![CDATA[Starting ChromeDriver 116.0.5845.96 (1a391816688002153ef791ffe60d9e899a71a037-refs/branch-heads/5845@{#1382}) on port 45201
Only local connections are allowed.
Please see https://chromedriver.chromium.org/security-considerations for suggestions on keeping ChromeDriver safe.
ChromeDriver was started successfully.
Sep 01, 2023 2:13:34 AM org.openqa.selenium.remote.ProtocolHandshake createSession
INFO: Detected dialect: W3C
]]></system-err>
  </testcase>
  <testcase name="Search items count" classname="Ebay home page Scenarios" time="16.421">
    <system-out><![CDATA[
@P2
Scenario: Search items count                                       &amp#27;[90m# Features/Ebay_Home.feature:10&amp#27;[0m
The global before hook
  &amp#27;[32mGiven &amp#27;[0m&amp#27;[32mI am on ebay home page&amp#27;[0m                                     &amp#27;[90m# Stepsinfo.EbayHome_Steps.i_am_on_ebay_home_page()&amp#27;[0m
  &amp#27;[32mWhen &amp#27;[0m&amp#27;[32mI search for &amp#27;[0m&amp#27;[32m&amp#27;[1m'Iphone 11'&amp#27;[0m&amp#27;[32m on search bar&amp#27;[0m                      &amp#27;[90m# Stepsinfo.EbayHome_Steps.i_search_for_iphone_on_search_bar(java.lang.String)&amp#27;[0m
6,700
  &amp#27;[32mThen &amp#27;[0m&amp#27;[32mI validate the count of search results is greater than &amp#27;[0m&amp#27;[32m&amp#27;[1m1000&amp#27;[0m &amp#27;[90m# Stepsinfo.EbayHome_Steps.i_validate_the_count_of_search_results(int)&amp#27;[0m
The global after hook
]]></system-out>
    <system-err><![CDATA[Starting ChromeDriver 116.0.5845.96 (1a391816688002153ef791ffe60d9e899a71a037-refs/branch-heads/5845@{#1382}) on port 64115
Only local connections are allowed.
Please see https://chromedriver.chromium.org/security-considerations for suggestions on keeping ChromeDriver safe.
ChromeDriver was started successfully.
Sep 01, 2023 2:13:43 AM org.openqa.selenium.remote.ProtocolHandshake createSession
INFO: Detected dialect: W3C
]]></system-err>
  </testcase>
  <testcase name="Search items count2" classname="Ebay home page Scenarios" time="15.656">
    <system-out><![CDATA[
@P2
Scenario: Search items count2                                     &amp#27;[90m# Features/Ebay_Home.feature:16&amp#27;[0m
The global before hook
  &amp#27;[32mGiven &amp#27;[0m&amp#27;[32mI am on ebay home page&amp#27;[0m                                    &amp#27;[90m# Stepsinfo.EbayHome_Steps.i_am_on_ebay_home_page()&amp#27;[0m
  &amp#27;[32mWhen &amp#27;[0m&amp#27;[32mI search for &amp#27;[0m&amp#27;[32m&amp#27;[1m'Toy cars'&amp#27;[0m&amp#27;[32m on search bar&amp#27;[0m                      &amp#27;[90m# Stepsinfo.EbayHome_Steps.i_search_for_iphone_on_search_bar(java.lang.String)&amp#27;[0m
660,000
  &amp#27;[32mThen &amp#27;[0m&amp#27;[32mI validate the count of search results is greater than &amp#27;[0m&amp#27;[32m&amp#27;[1m100&amp#27;[0m &amp#27;[90m# Stepsinfo.EbayHome_Steps.i_validate_the_count_of_search_results(int)&amp#27;[0m
The global after hook
]]></system-out>
    <system-err><![CDATA[Starting ChromeDriver 116.0.5845.96 (1a391816688002153ef791ffe60d9e899a71a037-refs/branch-heads/5845@{#1382}) on port 56637
Only local connections are allowed.
Please see https://chromedriver.chromium.org/security-considerations for suggestions on keeping ChromeDriver safe.
ChromeDriver was started successfully.
Sep 01, 2023 2:14:01 AM org.openqa.selenium.remote.ProtocolHandshake createSession
INFO: Detected dialect: W3C
]]></system-err>
  </testcase>
  <testcase name="Search items count3" classname="Ebay home page Scenarios" time="14.657">
    <system-out><![CDATA[
@P24
Scenario: Search items count3                                 &amp#27;[90m# Features/Ebay_Home.feature:22&amp#27;[0m
The global before hook
  &amp#27;[32mGiven &amp#27;[0m&amp#27;[32mI am on ebay home page&amp#27;[0m                                &amp#27;[90m# Stepsinfo.EbayHome_Steps.i_am_on_ebay_home_page()&amp#27;[0m
  &amp#27;[32mWhen &amp#27;[0m&amp#27;[32mI search for &amp#27;[0m&amp#27;[32m&amp#27;[1m'soap'&amp#27;[0m&amp#27;[32m on search bar from &amp#27;[0m&amp#27;[32m&amp#27;[1m'Baby'&amp#27;[0m&amp#27;[32m category&amp#27;[0m &amp#27;[90m# Stepsinfo.EbayHome_Steps.i_search_for_on_search_bar_from_category(java.lang.String,java.lang.String)&amp#27;[0m
The global after hook
]]></system-out>
    <system-err><![CDATA[Starting ChromeDriver 116.0.5845.96 (1a391816688002153ef791ffe60d9e899a71a037-refs/branch-heads/5845@{#1382}) on port 9602
Only local connections are allowed.
Please see https://chromedriver.chromium.org/security-considerations for suggestions on keeping ChromeDriver safe.
ChromeDriver was started successfully.
Sep 01, 2023 2:14:17 AM org.openqa.selenium.remote.ProtocolHandshake createSession
INFO: Detected dialect: W3C
]]></system-err>
  </testcase>
</testsuite>